{"level":"warn","message":"Ruta /babel/parser/lib/index.js - método GET - no existe"}
{"level":"warn","message":"Ruta /api/carritos/productos - método DELETE - no existe"}
{"level":"warn","message":"Ruta /logout - método DELETE - no existe"}
{"level":"warn","message":"Ruta /logout - método DELETE - no existe"}
{"level":"warn","message":"Ruta /session - método GET - no existe"}
{"level":"warn","message":"Ruta /users/login - método POST - no existe"}
{"level":"warn","message":"Ruta /users/ - método POST - no existe"}
{"level":"warn","message":"Ruta /users/login - método POST - no existe"}
{"level":"warn","message":"Ruta /api/productos/1354 - método GET - no existe"}
{"level":"warn","message":"Ruta /api/productos/ - método PUT - no existe"}
{"level":"warn","message":"Ruta /api/faker/productos - método GET - no existe"}
{"level":"warn","message":"Ruta /api/faker/productos - método POST - no existe"}
{"level":"warn","message":"Ruta /api/fake/productos - método POST - no existe"}
{"level":"warn","message":"Ruta /api/users/login - método DELETE - no existe"}
{"level":"warn","message":"Ruta /api/users/logged - método DELETE - no existe"}
{"level":"warn","message":"Ruta /api/users/login - método GET - no existe"}
{"level":"warn","message":"Ruta /api/users/logged - método POST - no existe"}
{"level":"warn","message":"Ruta /api/users/logout - método GET - no existe"}
{"level":"warn","message":"Ruta /api/users - método POST - no existe"}
{"level":"warn","message":"Ruta /api/users/signin - método POST - no existe"}
{"level":"warn","message":"Ruta /api/users/signin - método POST - no existe"}
{"level":"warn","message":"Ruta /api/users/isLogged - método GET - no existe"}
{"level":"warn","message":"Ruta /favicon.ico - método GET - no existe"}
{"level":"warn","message":"Ruta /favicon.ico - método GET - no existe"}
{"level":"warn","message":"Ruta /favicon.ico - método GET - no existe"}
{"level":"warn","message":"Ruta /jlhlj4 - método GET - no existe"}
{"level":"warn","message":"Ruta /jlhlj4 - método GET - no existe"}
{"level":"warn","message":"Ruta /jlhlj4 - método GET - no existe"}
{"level":"warn","message":"Ruta /jlhlj4 - método GET - no existe"}
{"level":"warn","message":"Ruta /api/fake - método POST - no existe"}
{"level":"warn","message":"Ruta /api/fake - método POST - no existe"}
{"level":"warn","message":"Ruta /fake - método POST - no existe"}
{"level":"warn","message":"Ruta /fake/productos23 - método POST - no existe"}
{"level":"warn","message":"Ruta localhost:8080/fake/productos23 - método POST - no existe"}
{"level":"warn","message":"Ruta localhost:8080/api/productoss - método GET - no existe"}
{"level":"warn","message":"Ruta localhost:8080/api/productoss - método GET - no existe"}
{"level":"warn","message":"Ruta localhost:8080/api/productoss - método GET - no existe"}
{"level":"warn","message":"Ruta localhost:8080/api/productossd - método GET - no existe"}
{"level":"warn","message":"Ruta localhost:8080/api/productos - método GET - no existe"}
{"level":"warn","message":"Ruta localhost:8080/api/productos - método GET - no existe"}
{"level":"warn","message":"Ruta localhost:8080/api/productos/63aa001e9c35f6420c98d1f0 - método POST - no existe"}
{"level":"warn","message":"Ruta 192.168.0.12:8080/ - método GET - no existe"}
{"level":"warn","message":"Ruta 192.168.0.12/HNAP1/ - método GET - no existe"}
{"level":"warn","message":"Ruta 0.0.0.0/requested.html - método GET - no existe"}
{"level":"warn","message":"Ruta localhost:8080/api/users/session - método GET - no existe"}
